Arguments: 
  /home/seth/n/bin/node /home/seth/.yarn/bin/yarn.js install

PATH: 
  /home/seth/.yarn/bin:/home/seth/bin:/home/seth/.local/bin:/home/seth/google-cloud-sdk/bin:/home/seth/bin:/home/seth/.local/bin:/usr/local/sbin:/usr/local/bin:/usr/sbin:/usr/bin:/sbin:/bin:/usr/games:/usr/local/games:/snap/bin:/usr/local/go/bin:/home/seth/.rvm/bin:/usr/local/go/bin:/home/seth/n/bin:/home/seth/.rvm/bin

Yarn version: 
  1.0.0-20170829.1752

Node version: 
  8.4.0

Platform: 
  linux x64

npm manifest: 
  {
  	"name": "react-apollo-graphql-github-example",
  	"version": "0.1.0",
  	"private": true,
  	"dependencies": {
  		"babel-preset-env": "^1.6.0",
  		"base-64": "^0.1.0",
  		"bluebird": "^3.5.0",
  		"body-parser": "^1.17.2",
  		"chart.js": "^2.4.0",
  		"classnames": "^2.1.2",
  		"cleave.js": "^0.7.14",
  		"clipboard": "^1.5.16",
  		"connect": "^3.6.3",
  		"content-type": "^1.0.2",
  		"debug": "^2.6.6",
  		"dotenv": "^4.0.0",
  		"eslint": "^4.6.1",
  		"express": "^4.15.4",
  		"express-graphql": "^0.6.11",
  		"fbgraph": "^1.4.1",
  		"fs-extra": "^2.0.0",
  		"github-calendar": "^1.1.10",
  		"graphcool": "^1.3.8",
  		"graphcool-lib": "0.0.3",
  		"graphiql": "^0.11.3",
  		"graphql": "^0.11.3",
  		"graphql-tag": "^2.4.2",
  		"history": "^1.13.1",
  		"isomorphic-fetch": "^2.2.1",
  		"jsonwebtoken": "^7.4.3",
  		"keyboardjs": "^2.3.3",
  		"koa": "^2.3.0",
  		"koa-bodyparser": "^3.2.0",
  		"koa-convert": "^1.2.0",
  		"koa-json": "^1.1.3",
  		"koa-logger": "^1.3.0",
  		"koa-onerror": "^2.0.0",
  		"koa-router": "^7.0.1",
  		"koa-static": "^2.0.0",
  		"koa-useragent": "^0.1.5",
  		"koa-views": "^5.1.2",
  		"moment": "^2.17.0",
  		"mongoose": "^4.11.10",
  		"normalize.css": "^5.0.0",
  		"nprogress": "^0.2.0",
  		"nunjucks": "^2.5.2",
  		"object-assign": "^4.1.0",
  		"open-color": "^1.4.0",
  		"particles.js": "^2.0.0",
  		"react": "^0.14.0",
  		"react-apollo": "^1.4.15",
  		"react-dom": "^0.14.0",
  		"react-redux": "^4.0.0",
  		"react-router": "^1.0.2",
  		"redux": "^3.0.0",
  		"redux-router": "^1.0.0-beta5",
  		"remote-redux-devtools": "^0.5.12",
  		"request": "^2.75.0",
  		"scrollreveal": "^3.3.2",
  		"slick-carousel": "^1.6.0",
  		"validator": "^6.2.0",
  	},
  	"devDependencies": {
  		"autoprefixer": "^6.4.1",
  		"babel-cli": "^6.26.0",
  		"babel-core": "^6.26.0",
  		"babel-loader": "^6.4.1",
  		"babel-plugin-react-transform": "^2.0.0-beta1",
  		"babel-plugin-transform-async-to-generator": "^6.8.0",
  		"babel-plugin-transform-decorators-legacy": "^1.2.0",
  		"babel-plugin-transform-runtime": "^6.23.0",
  		"babel-polyfill": "^6.3.14",
  		"babel-preset-es2015": "^6.14.0",
  		"babel-preset-react": "^6.16.0",
  		"babel-preset-stage-0": "^6.5.0",
  		"eslint-plugin-prettier": "^2.2.0",
  		"expect": "^1.8.0",
  		"express": "^4.13.3",
  		"extract-text-webpack-plugin": "^1.0.1",
  		"file-loader": "^0.9.0",
  		"html-webpack-plugin": "^2.30.1",
  		"jsdom": "^5.6.1",
  		"mocha": "^2.2.5",
  		"node-libs-browser": "^0.5.2",
  		"nodemon": "^1.10.2",
  		"postcss-cssnext": "^2.8.0",
  		"postcss-import": "^8.1.2",
  		"postcss-loader": "^0.9.1",
  		"postcss-reporter": "^1.4.1",
  		"prettier": "^1.6.1",
  		"raw-loader": "^0.5.1",
  		"react": "^15.3.2",
  		"react-addons-shallow-compare": "^15.4.1",
  		"react-addons-test-utils": "^0.14.0",
  		"react-dom": "^15.3.2",
  		"react-portal": "^3.0.0",
  		"react-redux": "^4.4.5",
  		"react-router": "^3.0.0",
  		"react-router-redux": "^4.0.6",
  		"react-scripts": "^1.0.13",
  		"react-transform-hmr": "^1.0.0",
  		"redux": "^3.6.0",
  		"redux-actions": "^0.13.0",
  		"redux-logger": "^2.7.4",
  		"redux-thunk": "^2.1.0",
  		"style-loader": "^0.13.1",
  		"todomvc-app-css": "^2.0.1",
  		"url-loader": "^0.5.7",
  		"webpack": "^3.5.5",
  		"webpack-dev-middleware": "^1.2.0",
  		"webpack-hot-middleware": "^2.2.0",
  	},
  	"scripts": {
  		"start": "react-scripts start",
  		"build": "react-scripts build",
  		"test": "react-scripts test --env=jsdom",
  		"eject": "react-scripts eject",
  	},
  	"eslintConfig": {
  		"extends": "prettier"
  	},
  }

yarn manifest: 
  No manifest

Lockfile: 
  No lockfile

Trace: 
  SyntaxError: /home/seth/lab/react-apollo-graphql-github-example/package.json: Unexpected token } in JSON at position 1609
      at JSON.parse (<anonymous>)
      at /home/seth/.yarn/lib/cli.js:788:57
      at Generator.next (<anonymous>)
      at step (/home/seth/.yarn/lib/cli.js:92:30)
      at /home/seth/.yarn/lib/cli.js:103:13
      at <anonymous>
